<?xml version="1.0" encoding="UTF-8"?>
<testng-results total="4" passed="4" failed="0" skipped="0">
  <reporter-output>
  </reporter-output>
  <suite started-at="2018-11-18T06:41:36Z" name="mavenjava" finished-at="2018-11-18T06:41:36Z" duration-ms="30">
    <groups>
    </groups>
    <test started-at="2018-11-18T06:41:36Z" name="maventest" finished-at="2018-11-18T06:41:36Z" duration-ms="30">
      <class name="facebook.RestAPITest">
        <test-method signature="deleteTwitter()[pri:0, instance:facebook.RestAPITest@3bf7ca37]" started-at="2018-11-18T01:41:36Z" name="deleteTwitter" finished-at="2018-11-18T01:41:36Z" duration-ms="0" status="PASS">
          <reporter-output>
          </reporter-output>
        </test-method> <!-- deleteTwitter -->
        <test-method signature="postJira()[pri:0, instance:facebook.RestAPITest@3bf7ca37]" started-at="2018-11-18T01:41:36Z" name="postJira" finished-at="2018-11-18T01:41:36Z" duration-ms="0" status="PASS">
          <reporter-output>
          </reporter-output>
        </test-method> <!-- postJira -->
      </class> <!-- facebook.RestAPITest -->
      <class name="facebook.AppiumTest">
        <test-method signature="IOSapps()[pri:0, instance:facebook.AppiumTest@3857f613]" started-at="2018-11-18T01:41:36Z" name="IOSapps" finished-at="2018-11-18T01:41:36Z" duration-ms="10" status="PASS">
          <reporter-output>
          </reporter-output>
        </test-method> <!-- IOSapps -->
        <test-method signature="NativeAppiumAndroid()[pri:0, instance:facebook.AppiumTest@3857f613]" started-at="2018-11-18T01:41:36Z" name="NativeAppiumAndroid" finished-at="2018-11-18T01:41:36Z" duration-ms="0" status="PASS">
          <reporter-output>
          </reporter-output>
        </test-method> <!-- NativeAppiumAndroid -->
      </class> <!-- facebook.AppiumTest -->
    </test> <!-- maventest -->
  </suite> <!-- mavenjava -->
</testng-results>
