<?xml version="1.0" encoding="UTF-8"?>
<!-- Generated by org.testng.reporters.JUnitXMLReporter -->
<testsuite hostname="Syful-Lenovo" failures="0" tests="4" name="maventest" time="0.03" errors="0" timestamp="18 Nov 2018 06:41:36 GMT">
  <testcase classname="facebook.AppiumTest" name="IOSapps" time="0.01"/>
  <testcase classname="facebook.AppiumTest" name="NativeAppiumAndroid" time="0.0"/>
  <testcase classname="facebook.RestAPITest" name="deleteTwitter" time="0.0"/>
  <testcase classname="facebook.RestAPITest" name="postJira" time="0.0"/>
</testsuite> <!-- maventest -->
